# JRE version: Java(TM) SE Runtime Environment (7.0_51-b13) (build 1.7.0_51-b13)
# Java VM: Java HotSpot(TM) 64-Bit Server VM (24.51-b03 mixed mode windows-amd64 compressed oops)
Heap
 PSYoungGen      total 181248K, used 49453K [0x00000000eb280000, 0x00000000f7e00000, 0x0000000100000000)
  eden space 180736K, 27% used [0x00000000eb280000,0x00000000ee29cb68,0x00000000f6300000)
  from space 512K, 36% used [0x00000000f6380000,0x00000000f63aeae0,0x00000000f6400000)
  to   space 512K, 0% used [0x00000000f6300000,0x00000000f6300000,0x00000000f6380000)
 ParOldGen       total 42496K, used 7214K [0x00000000c1800000, 0x00000000c4180000, 0x00000000eb280000)
  object space 42496K, 16% used [0x00000000c1800000,0x00000000c1f0b890,0x00000000c4180000)
 PSPermGen       total 21504K, used 9477K [0x00000000bc600000, 0x00000000bdb00000, 0x00000000c1800000)
  object space 21504K, 44% used [0x00000000bc600000,0x00000000bcf417e8,0x00000000bdb00000)
GC Heap History (10 events):
Event: 220.504 GC heap before
{Heap before GC invocations=104 (full 0):
 PSYoungGen      total 132608K, used 132246K [0x00000000eb280000, 0x00000000f4680000, 0x0000000100000000)
  eden space 132096K, 99% used [0x00000000eb280000,0x00000000f337a338,0x00000000f3380000)
  from space 512K, 33% used [0x00000000f4580000,0x00000000f45ab620,0x00000000f4600000)
  to   space 512K, 0% used [0x00000000f4600000,0x00000000f4600000,0x00000000f4680000)
 ParOldGen       total 42496K, used 7214K [0x00000000c1800000, 0x00000000c4180000, 0x00000000eb280000)
  object space 42496K, 16% used [0x00000000c1800000,0x00000000c1f0b890,0x00000000c4180000)
 PSPermGen       total 21504K, used 9477K [0x00000000bc600000, 0x00000000bdb00000, 0x00000000c1800000)
  object space 21504K, 44% used [0x00000000bc600000,0x00000000bcf417e8,0x00000000bdb00000)
Event: 220.505 GC heap after
Heap after GC invocations=104 (full 0):
 PSYoungGen      total 151040K, used 175K [0x00000000eb280000, 0x00000000f4e80000, 0x0000000100000000)
  eden space 150528K, 0% used [0x00000000eb280000,0x00000000eb280000,0x00000000f4580000)
  from space 512K, 34% used [0x00000000f4600000,0x00000000f462bf70,0x00000000f4680000)
  to   space 512K, 0% used [0x00000000f4580000,0x00000000f4580000,0x00000000f4600000)
 ParOldGen       total 42496K, used 7214K [0x00000000c1800000, 0x00000000c4180000, 0x00000000eb280000)
  object space 42496K, 16% used [0x00000000c1800000,0x00000000c1f0b890,0x00000000c4180000)
 PSPermGen       total 21504K, used 9477K [0x00000000bc600000, 0x00000000bdb00000, 0x00000000c1800000)
  object space 21504K, 44% used [0x00000000bc600000,0x00000000bcf417e8,0x00000000bdb00000)
}
Event: 220.588 GC heap before
{Heap before GC invocations=105 (full 0):
 PSYoungGen      total 151040K, used 150590K [0x00000000eb280000, 0x00000000f4e80000, 0x0000000100000000)
  eden space 150528K, 99% used [0x00000000eb280000,0x00000000f4563958,0x00000000f4580000)
  from space 512K, 34% used [0x00000000f4600000,0x00000000f462bf70,0x00000000f4680000)
  to   space 512K, 0% used [0x00000000f4580000,0x00000000f4580000,0x00000000f4600000)
 ParOldGen       total 42496K, used 7214K [0x00000000c1800000, 0x00000000c4180000, 0x00000000eb280000)
  object space 42496K, 16% used [0x00000000c1800000,0x00000000c1f0b890,0x00000000c4180000)
 PSPermGen       total 21504K, used 9477K [0x00000000bc600000, 0x00000000bdb00000, 0x00000000c1800000)
  object space 21504K, 44% used [0x00000000bc600000,0x00000000bcf417e8,0x00000000bdb00000)
Event: 220.589 GC heap after
Heap after GC invocations=105 (full 0):
 PSYoungGen      total 151040K, used 178K [0x00000000eb280000, 0x00000000f6400000, 0x0000000100000000)
  eden space 150528K, 0% used [0x00000000eb280000,0x00000000eb280000,0x00000000f4580000)
  from space 512K, 34% used [0x00000000f4580000,0x00000000f45ac9d0,0x00000000f4600000)
  to   space 512K, 0% used [0x00000000f6380000,0x00000000f6380000,0x00000000f6400000)
 ParOldGen       total 42496K, used 7214K [0x00000000c1800000, 0x00000000c4180000, 0x00000000eb280000)
  object space 42496K, 16% used [0x00000000c1800000,0x00000000c1f0b890,0x00000000c4180000)
 PSPermGen       total 21504K, used 9477K [0x00000000bc600000, 0x00000000bdb00000, 0x00000000c1800000)
  object space 21504K, 44% used [0x00000000bc600000,0x00000000bcf417e8,0x00000000bdb00000)
}
Event: 220.678 GC heap before
{Heap before GC invocations=106 (full 0):
 PSYoungGen      total 151040K, used 150638K [0x00000000eb280000, 0x00000000f6400000, 0x0000000100000000)
  eden space 150528K, 99% used [0x00000000eb280000,0x00000000f456f1f0,0x00000000f4580000)
  from space 512K, 34% used [0x00000000f4580000,0x00000000f45ac9d0,0x00000000f4600000)
  to   space 512K, 0% used [0x00000000f6380000,0x00000000f6380000,0x00000000f6400000)
 ParOldGen       total 42496K, used 7214K [0x00000000c1800000, 0x00000000c4180000, 0x00000000eb280000)
  object space 42496K, 16% used [0x00000000c1800000,0x00000000c1f0b890,0x00000000c4180000)
 PSPermGen       total 21504K, used 9477K [0x00000000bc600000, 0x00000000bdb00000, 0x00000000c1800000)
  object space 21504K, 44% used [0x00000000bc600000,0x00000000bcf417e8,0x00000000bdb00000)
Event: 220.679 GC heap after
Heap after GC invocations=106 (full 0):
 PSYoungGen      total 181248K, used 297K [0x00000000eb280000, 0x00000000f6400000, 0x0000000100000000)
  eden space 180736K, 0% used [0x00000000eb280000,0x00000000eb280000,0x00000000f6300000)
  from space 512K, 58% used [0x00000000f6380000,0x00000000f63ca7f0,0x00000000f6400000)
  to   space 512K, 0% used [0x00000000f6300000,0x00000000f6300000,0x00000000f6380000)
 ParOldGen       total 42496K, used 7214K [0x00000000c1800000, 0x00000000c4180000, 0x00000000eb280000)
  object space 42496K, 16% used [0x00000000c1800000,0x00000000c1f0b890,0x00000000c4180000)
 PSPermGen       total 21504K, used 9477K [0x00000000bc600000, 0x00000000bdb00000, 0x00000000c1800000)
  object space 21504K, 44% used [0x00000000bc600000,0x00000000bcf417e8,0x00000000bdb00000)
}
Event: 220.785 GC heap before
{Heap before GC invocations=107 (full 0):
 PSYoungGen      total 181248K, used 181021K [0x00000000eb280000, 0x00000000f6400000, 0x0000000100000000)
  eden space 180736K, 99% used [0x00000000eb280000,0x00000000f62fcd28,0x00000000f6300000)
  from space 512K, 58% used [0x00000000f6380000,0x00000000f63ca7f0,0x00000000f6400000)
  to   space 512K, 0% used [0x00000000f6300000,0x00000000f6300000,0x00000000f6380000)
 ParOldGen       total 42496K, used 7214K [0x00000000c1800000, 0x00000000c4180000, 0x00000000eb280000)
  object space 42496K, 16% used [0x00000000c1800000,0x00000000c1f0b890,0x00000000c4180000)
 PSPermGen       total 21504K, used 9477K [0x00000000bc600000, 0x00000000bdb00000, 0x00000000c1800000)
  object space 21504K, 44% used [0x00000000bc600000,0x00000000bcf417e8,0x00000000bdb00000)
Event: 220.785 GC heap after
Heap after GC invocations=107 (full 0):
 PSYoungGen      total 173056K, used 303K [0x00000000eb280000, 0x00000000f6400000, 0x0000000100000000)
  eden space 172544K, 0% used [0x00000000eb280000,0x00000000eb280000,0x00000000f5b00000)
  from space 512K, 59% used [0x00000000f6300000,0x00000000f634bfc0,0x00000000f6380000)
  to   space 512K, 0% used [0x00000000f6380000,0x00000000f6380000,0x00000000f6400000)
 ParOldGen       total 42496K, used 7214K [0x00000000c1800000, 0x00000000c4180000, 0x00000000eb280000)
  object space 42496K, 16% used [0x00000000c1800000,0x00000000c1f0b890,0x00000000c4180000)
 PSPermGen       total 21504K, used 9477K [0x00000000bc600000, 0x00000000bdb00000, 0x00000000c1800000)
  object space 21504K, 44% used [0x00000000bc600000,0x00000000bcf417e8,0x00000000bdb00000)
}
Event: 220.862 GC heap before
{Heap before GC invocations=108 (full 0):
 PSYoungGen      total 173056K, used 172818K [0x00000000eb280000, 0x00000000f6400000, 0x0000000100000000)
  eden space 172544K, 99% used [0x00000000eb280000,0x00000000f5af8870,0x00000000f5b00000)
  from space 512K, 59% used [0x00000000f6300000,0x00000000f634bfc0,0x00000000f6380000)
  to   space 512K, 0% used [0x00000000f6380000,0x00000000f6380000,0x00000000f6400000)
 ParOldGen       total 42496K, used 7214K [0x00000000c1800000, 0x00000000c4180000, 0x00000000eb280000)
  object space 42496K, 16% used [0x00000000c1800000,0x00000000c1f0b890,0x00000000c4180000)
 PSPermGen       total 21504K, used 9477K [0x00000000bc600000, 0x00000000bdb00000, 0x00000000c1800000)
  object space 21504K, 44% used [0x00000000bc600000,0x00000000bcf417e8,0x00000000bdb00000)
Event: 220.864 GC heap after
Heap after GC invocations=108 (full 0):
 PSYoungGen      total 181248K, used 186K [0x00000000eb280000, 0x00000000f7e00000, 0x0000000100000000)
  eden space 180736K, 0% used [0x00000000eb280000,0x00000000eb280000,0x00000000f6300000)
  from space 512K, 36% used [0x00000000f6380000,0x00000000f63aeae0,0x00000000f6400000)
  to   space 512K, 0% used [0x00000000f6300000,0x00000000f6300000,0x00000000f6380000)
 ParOldGen       total 42496K, used 7214K [0x00000000c1800000, 0x00000000c4180000, 0x00000000eb280000)
  object space 42496K, 16% used [0x00000000c1800000,0x00000000c1f0b890,0x00000000c4180000)
 PSPermGen       total 21504K, used 9477K [0x00000000bc600000, 0x00000000bdb00000, 0x00000000c1800000)
  object space 21504K, 44% used [0x00000000bc600000,0x00000000bcf417e8,0x00000000bdb00000)
}

